<?xml version="1.0" encoding="UTF-8"?>
<!-- Generated by org.testng.reporters.JUnitReportReporter -->
<testsuite hostname="DESKTOP-NJCO9NQ" failures="0" tests="1" name="com.rakesh.selenium.selenium_with_java.Soft_Assertion_5" time="0.032" errors="0" timestamp="2025-10-23T17:35:20 IST" skipped="0">
  <testcase classname="com.rakesh.selenium.selenium_with_java.Soft_Assertion_5" name="soft_assertion" time="0.032"/>
</testsuite> <!-- com.rakesh.selenium.selenium_with_java.Soft_Assertion_5 -->
