<?xml version="1.0" encoding="UTF-8"?>
<!-- Generated by org.testng.reporters.JUnitReportReporter -->
<testsuite hostname="DESKTOP-NJCO9NQ" failures="0" tests="2" name="com.rakesh.selenium.selenium_with_java.Annotations_2" time="0.016" errors="0" timestamp="2025-10-23T08:12:59 IST" skipped="0">
  <testcase classname="com.rakesh.selenium.selenium_with_java.Annotations_2" name="search" time="0.014"/>
  <testcase classname="com.rakesh.selenium.selenium_with_java.Annotations_2" name="advanced_search" time="0.002"/>
</testsuite> <!-- com.rakesh.selenium.selenium_with_java.Annotations_2 -->
