<?xml version="1.0" encoding="UTF-8"?>
<!-- Generated by org.testng.reporters.JUnitReportReporter -->
<testsuite hostname="DESKTOP-NJCO9NQ" failures="0" tests="2" name="com.rakesh.selenium.selenium_with_java.annotations_1" time="0.037" errors="0" timestamp="2025-10-23T07:49:20 IST" skipped="0">
  <testcase classname="com.rakesh.selenium.selenium_with_java.annotations_1" name="search" time="0.015"/>
  <testcase classname="com.rakesh.selenium.selenium_with_java.annotations_1" name="advanced_search" time="0.022"/>
</testsuite> <!-- com.rakesh.selenium.selenium_with_java.annotations_1 -->
