<?xml version="1.0" encoding="UTF-8"?>
<!-- Generated by org.testng.reporters.JUnitReportReporter -->
<testsuite hostname="DESKTOP-NJCO9NQ" failures="0" tests="5" name="com.rakesh.selenium.selenium_with_java.FinalProject" time="17.320" errors="0" timestamp="2025-10-13T06:24:34 IST" skipped="0">
  <testcase classname="com.rakesh.selenium.selenium_with_java.FinalProject" name="openWebsite" time="10.269"/>
  <testcase classname="com.rakesh.selenium.selenium_with_java.FinalProject" name="textBoxAndAlertTest" time="2.445"/>
  <testcase classname="com.rakesh.selenium.selenium_with_java.FinalProject" name="radioAndCheckboxTest" time="2.215"/>
  <testcase classname="com.rakesh.selenium.selenium_with_java.FinalProject" name="dropdownTest" time="1.165"/>
  <testcase classname="com.rakesh.selenium.selenium_with_java.FinalProject" name="multiSelectAndExtractText" time="1.226"/>
</testsuite> <!-- com.rakesh.selenium.selenium_with_java.FinalProject -->
