<?xml version="1.0" encoding="UTF-8"?>
<!-- Generated by org.testng.reporters.JUnitReportReporter -->
<testsuite hostname="DESKTOP-NJCO9NQ" failures="0" tests="2" name="testng_43rdvideo.C3" time="0.008" errors="0" timestamp="2025-10-23T15:05:54 IST" skipped="0">
  <testcase classname="testng_43rdvideo.C3" name="test1" time="0.005"/>
  <testcase classname="testng_43rdvideo.C3" name="test2" time="0.003"/>
</testsuite> <!-- testng_43rdvideo.C3 -->
