<?xml version="1.0" encoding="UTF-8"?>
<!-- Generated by org.testng.reporters.JUnitReportReporter -->
<testsuite hostname="DESKTOP-NJCO9NQ" failures="0" tests="1" name="com.rakesh.selenium.selenium_with_java.TypesOf_Assertions_3" time="0.015" errors="0" timestamp="2025-10-23T17:21:12 IST" skipped="0">
  <testcase classname="com.rakesh.selenium.selenium_with_java.TypesOf_Assertions_3" name="types_of_assertions" time="0.015"/>
</testsuite> <!-- com.rakesh.selenium.selenium_with_java.TypesOf_Assertions_3 -->
